<?xml version="1.0" encoding="UTF-8"?>
<!-- Generated by org.testng.reporters.JUnitReportReporter -->
<testsuite hostname="ShruthiManjesh" failures="0" tests="1" name="testcases.LoginTest" time="20.024" errors="0" timestamp="2024-02-26T23:20:06 IST" skipped="0">
  <testcase classname="testcases.LoginTest" name="LoginAndFileUploadTest" time="20.024"/>
  <system-out/>
</testsuite> <!-- testcases.LoginTest -->
